<?xml version="1.0" encoding="UTF-8"?><testsuite errors="0" failures="0" name="labassignmentv3.features.search.SearchByKeywordStory" skipped="1" tests="5" time="36.81" timestamp="2019-05-126 05:07:36"><testcase classname="labassignmentv3.features.search.SearchByKeywordStory" name="Searching by keyword sparkle should display the corresponding article"/><testcase classname="labassignmentv3.features.search.SearchByKeywordStory" name="Searching by keyword brain should display the corresponding article"/><testcase classname="labassignmentv3.features.search.SearchByKeywordStory" name="Searching by keyword banana should display the corresponding article"/><testcase classname="labassignmentv3.features.search.SearchByKeywordStory" name="Searching by ambiguious keyword should display the disambiguation page"><skipped/></testcase><testcase classname="labassignmentv3.features.search.SearchByKeywordStory" name="Searching by keyword apple should display the corresponding article"/></testsuite>